  Game.cpp
E:\The American University in Cairo\Spring 2020\CS 110\Project\Code\Project1\Game.cpp(115,12): warning C4244: 'argument': conversion from 'time_t' to 'unsigned int', possible loss of data
E:\The American University in Cairo\Spring 2020\CS 110\Project\Code\Project1\Game.cpp(349,53): warning C4244: 'argument': conversion from 'int' to 'T', possible loss of data
          with
          [
              T=float
          ]
E:\The American University in Cairo\Spring 2020\CS 110\Project\Code\Project1\Game.cpp(349,40): warning C4244: 'argument': conversion from 'int' to 'T', possible loss of data
          with
          [
              T=float
          ]
E:\The American University in Cairo\Spring 2020\CS 110\Project\Code\Project1\Game.cpp(352,57): warning C4244: 'argument': conversion from 'int' to 'T', possible loss of data
          with
          [
              T=float
          ]
E:\The American University in Cairo\Spring 2020\CS 110\Project\Code\Project1\Game.cpp(352,44): warning C4244: 'argument': conversion from 'int' to 'T', possible loss of data
          with
          [
              T=float
          ]
E:\The American University in Cairo\Spring 2020\CS 110\Project\Code\Project1\Game.cpp(384,25): warning C4305: 'initializing': truncation from 'int' to 'char'
E:\The American University in Cairo\Spring 2020\CS 110\Project\Code\Project1\Game.cpp(384,21): warning C4309: 'initializing': truncation of constant value
  Player.cpp
E:\The American University in Cairo\Spring 2020\CS 110\Project\Code\Project1\Player.cpp(10,32): warning C4244: 'argument': conversion from 'int' to 'T', possible loss of data
          with
          [
              T=float
          ]
E:\The American University in Cairo\Spring 2020\CS 110\Project\Code\Project1\Player.cpp(10,29): warning C4244: 'argument': conversion from 'int' to 'T', possible loss of data
          with
          [
              T=float
          ]
E:\The American University in Cairo\Spring 2020\CS 110\Project\Code\Project1\Player.cpp(21,32): warning C4244: 'argument': conversion from 'int' to 'T', possible loss of data
          with
          [
              T=float
          ]
E:\The American University in Cairo\Spring 2020\CS 110\Project\Code\Project1\Player.cpp(21,29): warning C4244: 'argument': conversion from 'int' to 'T', possible loss of data
          with
          [
              T=float
          ]
E:\The American University in Cairo\Spring 2020\CS 110\Project\Code\Project1\Player.cpp(27,28): warning C4244: 'argument': conversion from 'double' to 'T', possible loss of data
          with
          [
              T=float
          ]
E:\The American University in Cairo\Spring 2020\CS 110\Project\Code\Project1\Player.cpp(27,26): warning C4244: 'argument': conversion from 'double' to 'T', possible loss of data
          with
          [
              T=float
          ]
E:\The American University in Cairo\Spring 2020\CS 110\Project\Code\Project1\Player.cpp(33,16): warning C4244: 'initializing': conversion from 'T' to 'int', possible loss of data
          with
          [
              T=float
          ]
E:\The American University in Cairo\Spring 2020\CS 110\Project\Code\Project1\Player.cpp(34,20): warning C4244: 'initializing': conversion from 'T' to 'int', possible loss of data
          with
          [
              T=float
          ]
E:\The American University in Cairo\Spring 2020\CS 110\Project\Code\Project1\Player.cpp(116,29): warning C4244: 'return': conversion from 'const T' to 'int', possible loss of data
          with
          [
              T=float
          ]
E:\The American University in Cairo\Spring 2020\CS 110\Project\Code\Project1\Player.cpp(126,29): warning C4244: 'return': conversion from 'const T' to 'int', possible loss of data
          with
          [
              T=float
          ]
  Generating Code...
E:\The American University in Cairo\Spring 2020\CS 110\Project\Code\Project1\Game.cpp(127): warning C4715: 'Game::createrandom': not all control paths return a value
  Project1.vcxproj -> E:\The American University in Cairo\Spring 2020\CS 110\Project\Code\Project1\Debug\Project1.exe
